{"timestamp":"2026-05-02T17:00:37.363Z","method":"GET","endpoint":"/api/V1/media?limit=100","statusCode":200,"responseTimeMs":2520.88,"ip":"::1","userAgent":"axios/1.15.0"}
{"timestamp":"2026-05-02T17:00:37.397Z","method":"GET","endpoint":"/api/V1/auth/me","statusCode":200,"responseTimeMs":2737.44,"ip":"::1","userAgent":"node"}
{"timestamp":"2026-05-02T17:00:37.523Z","method":"GET","endpoint":"/api/V1/media?limit=100","statusCode":200,"responseTimeMs":2478.82,"ip":"::1","userAgent":"axios/1.15.0"}
{"timestamp":"2026-05-02T17:00:37.527Z","method":"GET","endpoint":"/api/V1/media?limit=100","statusCode":200,"responseTimeMs":2474.14,"ip":"::1","userAgent":"axios/1.15.0"}
{"timestamp":"2026-05-02T17:00:37.532Z","method":"GET","endpoint":"/api/V1/auth/me","statusCode":200,"responseTimeMs":2483.47,"ip":"::1","userAgent":"node"}
{"timestamp":"2026-05-02T17:00:37.540Z","method":"GET","endpoint":"/api/V1/auth/me","statusCode":200,"responseTimeMs":2501.13,"ip":"::1","userAgent":"node"}
{"timestamp":"2026-05-02T17:00:38.006Z","method":"GET","endpoint":"/api/V1/auth/me","statusCode":200,"responseTimeMs":2432.19,"ip":"::1","userAgent":"node"}
{"timestamp":"2026-05-02T17:01:05.330Z","method":"GET","endpoint":"/api/V1/media","statusCode":200,"responseTimeMs":2490.59,"ip":"::1","userAgent":"axios/1.15.0"}
{"timestamp":"2026-05-02T17:01:06.714Z","method":"GET","endpoint":"/api/V1/watchlist/my-watchlist","statusCode":200,"responseTimeMs":1112.87,"ip":"::1","userAgent":"axios/1.15.0"}
{"timestamp":"2026-05-02T17:06:03.805Z","method":"GET","endpoint":"/api/V1/auth/me","statusCode":200,"responseTimeMs":2547.26,"ip":"::1","userAgent":"node"}
{"timestamp":"2026-05-02T17:06:06.067Z","method":"GET","endpoint":"/api/V1/auth/me","statusCode":200,"responseTimeMs":2498.51,"ip":"::1","userAgent":"node"}
{"timestamp":"2026-05-02T17:06:06.668Z","method":"GET","endpoint":"/api/V1/media?limit=100","statusCode":200,"responseTimeMs":3097.14,"ip":"::1","userAgent":"axios/1.15.0"}
{"timestamp":"2026-05-02T17:25:45.571Z","method":"GET","endpoint":"/api/V1/media?limit=100","statusCode":200,"responseTimeMs":3617.88,"ip":"::1","userAgent":"axios/1.15.0"}
{"timestamp":"2026-05-02T17:25:45.569Z","method":"GET","endpoint":"/api/V1/media?limit=100","statusCode":200,"responseTimeMs":3535.73,"ip":"::1","userAgent":"axios/1.15.0"}
{"timestamp":"2026-05-02T17:25:48.870Z","method":"GET","endpoint":"/api/V1/media?limit=100","statusCode":200,"responseTimeMs":822.02,"ip":"::1","userAgent":"axios/1.15.0"}
{"timestamp":"2026-05-02T17:25:49.002Z","method":"GET","endpoint":"/api/V1/media?limit=100","statusCode":200,"responseTimeMs":828.41,"ip":"::1","userAgent":"axios/1.15.0"}
{"timestamp":"2026-05-02T17:26:04.943Z","method":"GET","endpoint":"/api/V1/media?limit=100","statusCode":200,"responseTimeMs":2524.78,"ip":"::1","userAgent":"axios/1.15.0"}
{"timestamp":"2026-05-02T17:26:43.192Z","method":"GET","endpoint":"/api/V1/media?genres=Action","statusCode":400,"responseTimeMs":184.13,"ip":"::1","userAgent":"axios/1.15.0"}
{"timestamp":"2026-05-02T17:26:46.180Z","method":"GET","endpoint":"/api/V1/media","statusCode":200,"responseTimeMs":2443.79,"ip":"::1","userAgent":"axios/1.15.0"}
{"timestamp":"2026-05-02T17:26:47.344Z","method":"GET","endpoint":"/api/V1/watchlist/my-watchlist","statusCode":200,"responseTimeMs":1118.09,"ip":"::1","userAgent":"axios/1.15.0"}
{"timestamp":"2026-05-02T17:27:03.629Z","method":"GET","endpoint":"/api/V1/media?limit=100","statusCode":200,"responseTimeMs":2555.62,"ip":"::1","userAgent":"axios/1.15.0"}
{"timestamp":"2026-05-02T17:27:07.178Z","method":"GET","endpoint":"/api/V1/media?genres=Comedy","statusCode":400,"responseTimeMs":9.6,"ip":"::1","userAgent":"axios/1.15.0"}
{"timestamp":"2026-05-02T17:28:53.903Z","method":"GET","endpoint":"/api/V1/media","statusCode":200,"responseTimeMs":2515.2,"ip":"::1","userAgent":"axios/1.15.0"}
{"timestamp":"2026-05-02T17:28:55.487Z","method":"GET","endpoint":"/api/V1/media?limit=100","statusCode":200,"responseTimeMs":2451.65,"ip":"::1","userAgent":"axios/1.15.0"}
{"timestamp":"2026-05-02T17:28:55.828Z","method":"GET","endpoint":"/api/V1/watchlist/my-watchlist","statusCode":200,"responseTimeMs":2752.68,"ip":"::1","userAgent":"axios/1.15.0"}
{"timestamp":"2026-05-02T17:28:57.072Z","method":"GET","endpoint":"/api/V1/media?genres=Comedy","statusCode":200,"responseTimeMs":564.22,"ip":"::1","userAgent":"axios/1.15.0"}
{"timestamp":"2026-05-02T17:28:57.427Z","method":"GET","endpoint":"/api/V1/auth/me","statusCode":200,"responseTimeMs":889.66,"ip":"::1","userAgent":"node"}
{"timestamp":"2026-05-02T17:28:58.301Z","method":"GET","endpoint":"/api/V1/auth/me","statusCode":200,"responseTimeMs":830.37,"ip":"::1","userAgent":"node"}
{"timestamp":"2026-05-02T17:29:00.877Z","method":"GET","endpoint":"/api/V1/media","statusCode":200,"responseTimeMs":815.19,"ip":"::1","userAgent":"axios/1.15.0"}
{"timestamp":"2026-05-02T17:29:02.164Z","method":"GET","endpoint":"/api/V1/watchlist/my-watchlist","statusCode":200,"responseTimeMs":1189.11,"ip":"::1","userAgent":"axios/1.15.0"}
{"timestamp":"2026-05-02T17:29:03.880Z","method":"GET","endpoint":"/api/V1/media?limit=100","statusCode":200,"responseTimeMs":827.22,"ip":"::1","userAgent":"axios/1.15.0"}
{"timestamp":"2026-05-02T17:29:07.749Z","method":"GET","endpoint":"/api/V1/media?genres=Action","statusCode":200,"responseTimeMs":548.33,"ip":"::1","userAgent":"axios/1.15.0"}
{"timestamp":"2026-05-02T17:29:20.075Z","method":"GET","endpoint":"/api/V1/media?limit=100","statusCode":200,"responseTimeMs":2468.94,"ip":"::1","userAgent":"axios/1.15.0"}
{"timestamp":"2026-05-02T17:29:23.372Z","method":"GET","endpoint":"/api/V1/media?genres=Comedy","statusCode":200,"responseTimeMs":542.69,"ip":"::1","userAgent":"axios/1.15.0"}
{"timestamp":"2026-05-02T17:29:37.454Z","method":"GET","endpoint":"/api/V1/media?limit=100","statusCode":200,"responseTimeMs":2478.07,"ip":"::1","userAgent":"axios/1.15.0"}
{"timestamp":"2026-05-02T17:29:38.790Z","method":"GET","endpoint":"/api/V1/media?limit=100","statusCode":200,"responseTimeMs":829.77,"ip":"::1","userAgent":"axios/1.15.0"}
{"timestamp":"2026-05-02T17:41:12.118Z","method":"GET","endpoint":"/api/V1/media?genres=Action","statusCode":200,"responseTimeMs":3373.7,"ip":"::1","userAgent":"axios/1.15.0"}
{"timestamp":"2026-05-02T17:41:13.088Z","method":"GET","endpoint":"/api/V1/media","statusCode":200,"responseTimeMs":813.24,"ip":"::1","userAgent":"axios/1.15.0"}
{"timestamp":"2026-05-02T17:41:14.268Z","method":"GET","endpoint":"/api/V1/watchlist/my-watchlist","statusCode":200,"responseTimeMs":1126.52,"ip":"::1","userAgent":"axios/1.15.0"}
{"timestamp":"2026-05-02T17:47:40.741Z","method":"GET","endpoint":"/api/V1/media?limit=100","statusCode":200,"responseTimeMs":2513.19,"ip":"::1","userAgent":"axios/1.15.0"}
{"timestamp":"2026-05-02T17:47:40.760Z","method":"GET","endpoint":"/api/V1/auth/me","statusCode":200,"responseTimeMs":2533.92,"ip":"::1","userAgent":"node"}
{"timestamp":"2026-05-02T17:47:42.743Z","method":"GET","endpoint":"/api/V1/auth/me","statusCode":200,"responseTimeMs":3682.57,"ip":"::1","userAgent":"node"}
{"timestamp":"2026-05-02T17:49:44.889Z","method":"GET","endpoint":"/api/V1/media?limit=100","statusCode":200,"responseTimeMs":2471.02,"ip":"::1","userAgent":"axios/1.15.0"}
{"timestamp":"2026-05-02T17:50:03.162Z","method":"GET","endpoint":"/api/V1/media?limit=100","statusCode":200,"responseTimeMs":2467.48,"ip":"::1","userAgent":"axios/1.15.0"}
{"timestamp":"2026-05-02T17:50:54.535Z","method":"GET","endpoint":"/api/V1/media?limit=100","statusCode":200,"responseTimeMs":2456.75,"ip":"::1","userAgent":"axios/1.15.0"}
{"timestamp":"2026-05-02T17:50:54.616Z","method":"GET","endpoint":"/api/V1/media?limit=100","statusCode":200,"responseTimeMs":2484.18,"ip":"::1","userAgent":"axios/1.15.0"}
{"timestamp":"2026-05-02T17:51:46.337Z","method":"GET","endpoint":"/api/V1/media?limit=100","statusCode":200,"responseTimeMs":2443.4,"ip":"::1","userAgent":"axios/1.15.0"}
{"timestamp":"2026-05-02T17:51:46.390Z","method":"GET","endpoint":"/api/V1/media?limit=100","statusCode":200,"responseTimeMs":2434.1,"ip":"::1","userAgent":"axios/1.15.0"}
{"timestamp":"2026-05-03T06:16:36.158Z","method":"GET","endpoint":"/api/V1/auth/me","statusCode":200,"responseTimeMs":2535.41,"ip":"::1","userAgent":"node"}
{"timestamp":"2026-05-03T06:16:36.162Z","method":"GET","endpoint":"/api/V1/media?limit=100","statusCode":200,"responseTimeMs":2510.7,"ip":"::1","userAgent":"axios/1.15.0"}
{"timestamp":"2026-05-03T06:16:36.710Z","method":"GET","endpoint":"/api/V1/auth/me","statusCode":200,"responseTimeMs":2458.12,"ip":"::1","userAgent":"node"}
{"timestamp":"2026-05-03T06:34:53.772Z","method":"GET","endpoint":"/api/V1/auth/me","statusCode":200,"responseTimeMs":3586.17,"ip":"::1","userAgent":"node"}
{"timestamp":"2026-05-03T06:34:53.778Z","method":"GET","endpoint":"/api/V1/auth/me","statusCode":200,"responseTimeMs":3046,"ip":"::1","userAgent":"node"}
{"timestamp":"2026-05-03T06:34:53.789Z","method":"GET","endpoint":"/api/V1/media?limit=100","statusCode":200,"responseTimeMs":3601.38,"ip":"::1","userAgent":"axios/1.15.0"}
{"timestamp":"2026-05-03T06:35:50.635Z","method":"GET","endpoint":"/api/V1/media?limit=100","statusCode":200,"responseTimeMs":2458.31,"ip":"::1","userAgent":"axios/1.15.0"}
{"timestamp":"2026-05-03T06:35:50.656Z","method":"GET","endpoint":"/api/V1/auth/me","statusCode":200,"responseTimeMs":2480.76,"ip":"::1","userAgent":"node"}
{"timestamp":"2026-05-03T06:35:51.060Z","method":"GET","endpoint":"/api/V1/auth/me","statusCode":200,"responseTimeMs":2458.59,"ip":"::1","userAgent":"node"}
{"timestamp":"2026-05-03T06:36:34.321Z","method":"GET","endpoint":"/api/V1/media?limit=100","statusCode":200,"responseTimeMs":2418.89,"ip":"::1","userAgent":"axios/1.15.0"}
{"timestamp":"2026-05-03T06:36:34.554Z","method":"GET","endpoint":"/api/V1/media?limit=100","statusCode":200,"responseTimeMs":2530.23,"ip":"::1","userAgent":"axios/1.15.0"}
{"timestamp":"2026-05-03T06:36:34.646Z","method":"GET","endpoint":"/api/V1/media?limit=100","statusCode":200,"responseTimeMs":2421.12,"ip":"::1","userAgent":"axios/1.15.0"}
{"timestamp":"2026-05-03T06:36:34.658Z","method":"GET","endpoint":"/api/V1/media?limit=100","statusCode":200,"responseTimeMs":2436.05,"ip":"::1","userAgent":"axios/1.15.0"}
{"timestamp":"2026-05-03T06:36:34.669Z","method":"GET","endpoint":"/api/V1/media?limit=100","statusCode":200,"responseTimeMs":2448.79,"ip":"::1","userAgent":"axios/1.15.0"}
{"timestamp":"2026-05-03T06:36:34.728Z","method":"GET","endpoint":"/api/V1/media?limit=100","statusCode":200,"responseTimeMs":2501.84,"ip":"::1","userAgent":"axios/1.15.0"}
{"timestamp":"2026-05-03T06:36:35.224Z","method":"GET","endpoint":"/api/V1/media?limit=100","statusCode":200,"responseTimeMs":544.25,"ip":"::1","userAgent":"axios/1.15.0"}
{"timestamp":"2026-05-03T06:36:35.260Z","method":"GET","endpoint":"/api/V1/media?limit=100","statusCode":200,"responseTimeMs":812.09,"ip":"::1","userAgent":"axios/1.15.0"}
{"timestamp":"2026-05-03T06:36:35.411Z","method":"GET","endpoint":"/api/V1/media?limit=100","statusCode":200,"responseTimeMs":538.88,"ip":"::1","userAgent":"axios/1.15.0"}
{"timestamp":"2026-05-03T06:37:21.741Z","method":"GET","endpoint":"/api/V1/auth/me","statusCode":200,"responseTimeMs":2441.61,"ip":"::1","userAgent":"node"}
{"timestamp":"2026-05-03T06:37:21.748Z","method":"GET","endpoint":"/api/V1/media?limit=100","statusCode":200,"responseTimeMs":2447.15,"ip":"::1","userAgent":"axios/1.15.0"}
{"timestamp":"2026-05-03T06:37:22.176Z","method":"GET","endpoint":"/api/V1/auth/me","statusCode":200,"responseTimeMs":2466.44,"ip":"::1","userAgent":"node"}
{"timestamp":"2026-05-03T06:38:05.269Z","method":"GET","endpoint":"/api/V1/media?limit=100","statusCode":200,"responseTimeMs":2480.68,"ip":"::1","userAgent":"axios/1.15.0"}
{"timestamp":"2026-05-03T07:45:50.981Z","method":"GET","endpoint":"/api/V1/media?limit=100","statusCode":200,"responseTimeMs":2584.94,"ip":"::1","userAgent":"axios/1.15.0"}
{"timestamp":"2026-05-03T07:45:50.984Z","method":"GET","endpoint":"/api/V1/auth/me","statusCode":200,"responseTimeMs":2612.25,"ip":"::1","userAgent":"node"}
{"timestamp":"2026-05-03T07:45:51.462Z","method":"GET","endpoint":"/api/V1/auth/me","statusCode":200,"responseTimeMs":2461.18,"ip":"::1","userAgent":"node"}
{"timestamp":"2026-05-03T07:46:08.648Z","method":"GET","endpoint":"/api/V1/auth/me","statusCode":200,"responseTimeMs":2450.66,"ip":"::1","userAgent":"node"}
{"timestamp":"2026-05-03T07:46:35.112Z","method":"GET","endpoint":"/api/V1/auth/me","statusCode":200,"responseTimeMs":2456.8,"ip":"::1","userAgent":"node"}
{"timestamp":"2026-05-03T07:46:35.616Z","method":"GET","endpoint":"/api/V1/stats","statusCode":200,"responseTimeMs":2958.26,"ip":"::1","userAgent":"axios/1.15.0"}
{"timestamp":"2026-05-03T07:46:41.019Z","method":"GET","endpoint":"/api/V1/auth/me","statusCode":200,"responseTimeMs":805.99,"ip":"::1","userAgent":"node"}
{"timestamp":"2026-05-03T07:46:41.917Z","method":"GET","endpoint":"/api/V1/auth/me","statusCode":200,"responseTimeMs":850.81,"ip":"::1","userAgent":"node"}
{"timestamp":"2026-05-03T07:47:18.046Z","method":"GET","endpoint":"/api/V1/auth/me","statusCode":200,"responseTimeMs":2443.76,"ip":"::1","userAgent":"node"}
{"timestamp":"2026-05-03T07:47:27.939Z","method":"GET","endpoint":"/api/V1/stats/analytics","statusCode":200,"responseTimeMs":1687.84,"ip":"::1","userAgent":"axios/1.15.0"}
{"timestamp":"2026-05-03T07:47:34.542Z","method":"GET","endpoint":"/api/V1/auth/me","statusCode":200,"responseTimeMs":814.65,"ip":"::1","userAgent":"node"}
{"timestamp":"2026-05-03T07:47:36.206Z","method":"GET","endpoint":"/api/V1/stats/analytics","statusCode":200,"responseTimeMs":1635.31,"ip":"::1","userAgent":"axios/1.15.0"}
{"timestamp":"2026-05-03T07:47:40.805Z","method":"GET","endpoint":"/api/V1/auth/me","statusCode":200,"responseTimeMs":820.4,"ip":"::1","userAgent":"node"}
{"timestamp":"2026-05-03T07:47:41.647Z","method":"GET","endpoint":"/api/V1/auth/me","statusCode":200,"responseTimeMs":814.79,"ip":"::1","userAgent":"node"}
{"timestamp":"2026-05-03T07:47:43.246Z","method":"GET","endpoint":"/api/V1/stats","statusCode":200,"responseTimeMs":1355.7,"ip":"::1","userAgent":"axios/1.15.0"}
{"timestamp":"2026-05-03T07:47:44.119Z","method":"GET","endpoint":"/api/V1/auth/me","statusCode":200,"responseTimeMs":814.76,"ip":"::1","userAgent":"node"}
{"timestamp":"2026-05-03T07:47:45.508Z","method":"GET","endpoint":"/api/V1/stats","statusCode":200,"responseTimeMs":1366.06,"ip":"::1","userAgent":"axios/1.15.0"}
{"timestamp":"2026-05-03T07:48:42.235Z","method":"GET","endpoint":"/api/V1/auth/me","statusCode":200,"responseTimeMs":2471.55,"ip":"::1","userAgent":"node"}
{"timestamp":"2026-05-03T07:48:43.605Z","method":"GET","endpoint":"/api/V1/stats","statusCode":200,"responseTimeMs":1341.51,"ip":"::1","userAgent":"axios/1.15.0"}
{"timestamp":"2026-05-03T07:49:30.259Z","method":"GET","endpoint":"/api/V1/auth/me","statusCode":200,"responseTimeMs":2451.95,"ip":"::1","userAgent":"node"}
{"timestamp":"2026-05-03T07:49:30.323Z","method":"GET","endpoint":"/api/V1/auth/me","statusCode":200,"responseTimeMs":2411.5,"ip":"::1","userAgent":"node"}
{"timestamp":"2026-05-03T07:49:31.798Z","method":"GET","endpoint":"/api/V1/auth/me","statusCode":200,"responseTimeMs":824.51,"ip":"::1","userAgent":"node"}
{"timestamp":"2026-05-03T07:49:32.305Z","method":"GET","endpoint":"/api/V1/stats","statusCode":200,"responseTimeMs":1341.94,"ip":"::1","userAgent":"axios/1.15.0"}
{"timestamp":"2026-05-03T07:49:32.995Z","method":"GET","endpoint":"/api/V1/auth/me","statusCode":200,"responseTimeMs":818.2,"ip":"::1","userAgent":"node"}
{"timestamp":"2026-05-03T07:49:33.762Z","method":"GET","endpoint":"/api/V1/auth/me","statusCode":200,"responseTimeMs":2425.91,"ip":"::1","userAgent":"node"}
{"timestamp":"2026-05-03T07:49:33.837Z","method":"GET","endpoint":"/api/V1/auth/me","statusCode":200,"responseTimeMs":2431.94,"ip":"::1","userAgent":"node"}
{"timestamp":"2026-05-03T07:49:34.238Z","method":"GET","endpoint":"/api/V1/auth/me","statusCode":200,"responseTimeMs":805.61,"ip":"::1","userAgent":"node"}
{"timestamp":"2026-05-03T07:49:34.353Z","method":"GET","endpoint":"/api/V1/stats","statusCode":200,"responseTimeMs":3004.37,"ip":"::1","userAgent":"axios/1.15.0"}
{"timestamp":"2026-05-03T07:49:34.771Z","method":"GET","endpoint":"/api/V1/stats","statusCode":200,"responseTimeMs":1370.63,"ip":"::1","userAgent":"axios/1.15.0"}
{"timestamp":"2026-05-03T07:49:36.495Z","method":"GET","endpoint":"/api/V1/auth/me","statusCode":200,"responseTimeMs":819.47,"ip":"::1","userAgent":"node"}
{"timestamp":"2026-05-03T07:49:36.950Z","method":"GET","endpoint":"/api/V1/stats","statusCode":200,"responseTimeMs":1363.38,"ip":"::1","userAgent":"axios/1.15.0"}
{"timestamp":"2026-05-03T07:49:37.944Z","method":"GET","endpoint":"/api/V1/stats","statusCode":200,"responseTimeMs":1366.32,"ip":"::1","userAgent":"axios/1.15.0"}
{"timestamp":"2026-05-03T07:49:38.670Z","method":"GET","endpoint":"/api/V1/auth/me","statusCode":200,"responseTimeMs":818.74,"ip":"::1","userAgent":"node"}
{"timestamp":"2026-05-03T07:49:39.520Z","method":"GET","endpoint":"/api/V1/auth/me","statusCode":200,"responseTimeMs":818.61,"ip":"::1","userAgent":"node"}
{"timestamp":"2026-05-03T07:50:28.686Z","method":"GET","endpoint":"/api/V1/auth/me","statusCode":200,"responseTimeMs":2469.6,"ip":"::1","userAgent":"node"}
{"timestamp":"2026-05-03T07:50:29.627Z","method":"GET","endpoint":"/api/V1/auth/me","statusCode":200,"responseTimeMs":819.24,"ip":"::1","userAgent":"node"}
{"timestamp":"2026-05-03T07:50:31.659Z","method":"GET","endpoint":"/api/V1/auth/me","statusCode":200,"responseTimeMs":2437.79,"ip":"::1","userAgent":"node"}
{"timestamp":"2026-05-03T07:50:31.811Z","method":"GET","endpoint":"/api/V1/stats","statusCode":200,"responseTimeMs":2996.07,"ip":"::1","userAgent":"axios/1.15.0"}
{"timestamp":"2026-05-03T07:50:32.492Z","method":"GET","endpoint":"/api/V1/auth/me","statusCode":200,"responseTimeMs":807.09,"ip":"::1","userAgent":"node"}
{"timestamp":"2026-05-03T07:50:44.967Z","method":"GET","endpoint":"/api/V1/auth/me","statusCode":200,"responseTimeMs":2447.57,"ip":"::1","userAgent":"node"}
{"timestamp":"2026-05-03T07:50:46.356Z","method":"GET","endpoint":"/api/V1/stats","statusCode":200,"responseTimeMs":1359.82,"ip":"::1","userAgent":"axios/1.15.0"}
{"timestamp":"2026-05-03T07:50:48.770Z","method":"GET","endpoint":"/api/V1/auth/me","statusCode":200,"responseTimeMs":813.49,"ip":"::1","userAgent":"node"}
{"timestamp":"2026-05-03T07:51:12.395Z","method":"GET","endpoint":"/api/V1/auth/me","statusCode":200,"responseTimeMs":2521.07,"ip":"::1","userAgent":"node"}
{"timestamp":"2026-05-03T07:51:14.350Z","method":"GET","endpoint":"/api/V1/auth/me","statusCode":200,"responseTimeMs":843.55,"ip":"::1","userAgent":"node"}
{"timestamp":"2026-05-03T07:51:19.463Z","method":"GET","endpoint":"/api/V1/stats","statusCode":200,"responseTimeMs":1390.8,"ip":"::1","userAgent":"axios/1.15.0"}
{"timestamp":"2026-05-03T07:51:20.512Z","method":"GET","endpoint":"/api/V1/auth/me","statusCode":200,"responseTimeMs":835.59,"ip":"::1","userAgent":"node"}
{"timestamp":"2026-05-03T07:51:23.107Z","method":"GET","endpoint":"/api/V1/media","statusCode":200,"responseTimeMs":2473.71,"ip":"::1","userAgent":"axios/1.15.0"}
{"timestamp":"2026-05-03T07:51:27.719Z","method":"GET","endpoint":"/api/V1/auth/me","statusCode":200,"responseTimeMs":837.86,"ip":"::1","userAgent":"node"}
{"timestamp":"2026-05-03T07:51:53.026Z","method":"GET","endpoint":"/api/V1/auth/me","statusCode":200,"responseTimeMs":2436.12,"ip":"::1","userAgent":"node"}
{"timestamp":"2026-05-03T07:51:55.231Z","method":"GET","endpoint":"/api/V1/reviews","statusCode":200,"responseTimeMs":2181.91,"ip":"::1","userAgent":"axios/1.15.0"}
{"timestamp":"2026-05-03T07:52:01.013Z","method":"GET","endpoint":"/api/V1/auth/me","statusCode":200,"responseTimeMs":823.17,"ip":"::1","userAgent":"node"}
{"timestamp":"2026-05-03T07:52:23.368Z","method":"GET","endpoint":"/api/V1/auth/me","statusCode":200,"responseTimeMs":2474.87,"ip":"::1","userAgent":"node"}
{"timestamp":"2026-05-03T07:53:40.002Z","method":"GET","endpoint":"/api/V1/auth/me","statusCode":200,"responseTimeMs":2422.1,"ip":"::1","userAgent":"node"}
{"timestamp":"2026-05-03T07:53:44.396Z","method":"PATCH","endpoint":"/api/V1/auth/update-profile","statusCode":200,"responseTimeMs":4298.33,"ip":"::1","userAgent":"node"}
{"timestamp":"2026-05-03T07:53:45.260Z","method":"GET","endpoint":"/api/V1/auth/me","statusCode":200,"responseTimeMs":824.71,"ip":"::1","userAgent":"node"}
{"timestamp":"2026-05-03T07:53:46.155Z","method":"GET","endpoint":"/api/V1/auth/me","statusCode":200,"responseTimeMs":822.36,"ip":"::1","userAgent":"node"}
{"timestamp":"2026-05-03T07:56:10.321Z","method":"GET","endpoint":"/api/V1/auth/me","statusCode":200,"responseTimeMs":2552.3,"ip":"::1","userAgent":"node"}
{"timestamp":"2026-05-03T07:56:10.328Z","method":"GET","endpoint":"/api/V1/media?limit=100","statusCode":200,"responseTimeMs":2555.92,"ip":"::1","userAgent":"axios/1.15.0"}
{"timestamp":"2026-05-03T07:56:13.745Z","method":"POST","endpoint":"/api/V1/auth/logout","statusCode":401,"responseTimeMs":995.48,"ip":"::1","userAgent":"node"}
{"timestamp":"2026-05-03T07:56:14.628Z","method":"GET","endpoint":"/api/V1/media?limit=100","statusCode":200,"responseTimeMs":812.29,"ip":"::1","userAgent":"axios/1.15.0"}
{"timestamp":"2026-05-03T07:56:35.367Z","method":"POST","endpoint":"/api/V1/auth/login","statusCode":200,"responseTimeMs":2664.95,"ip":"::1","userAgent":"axios/1.15.0"}
{"timestamp":"2026-05-03T07:56:37.936Z","method":"GET","endpoint":"/api/V1/auth/me","statusCode":200,"responseTimeMs":2526.97,"ip":"::1","userAgent":"node"}
{"timestamp":"2026-05-03T07:57:03.519Z","method":"GET","endpoint":"/api/V1/auth/me","statusCode":200,"responseTimeMs":2600.63,"ip":"::1","userAgent":"node"}
{"timestamp":"2026-05-03T07:57:04.600Z","method":"GET","endpoint":"/api/V1/auth/me","statusCode":200,"responseTimeMs":838.32,"ip":"::1","userAgent":"node"}
{"timestamp":"2026-05-03T07:57:06.498Z","method":"GET","endpoint":"/api/V1/stats","statusCode":200,"responseTimeMs":1695.43,"ip":"::1","userAgent":"axios/1.15.0"}
{"timestamp":"2026-05-03T07:57:07.390Z","method":"GET","endpoint":"/api/V1/auth/me","statusCode":200,"responseTimeMs":838.3,"ip":"::1","userAgent":"node"}
{"timestamp":"2026-05-03T07:57:08.535Z","method":"GET","endpoint":"/api/V1/payments/my-payments","statusCode":200,"responseTimeMs":1125.15,"ip":"::1","userAgent":"axios/1.15.0"}
{"timestamp":"2026-05-03T07:57:09.472Z","method":"GET","endpoint":"/api/V1/auth/me","statusCode":200,"responseTimeMs":906.66,"ip":"::1","userAgent":"node"}
{"timestamp":"2026-05-03T07:57:11.185Z","method":"GET","endpoint":"/api/V1/stats","statusCode":200,"responseTimeMs":1676.1,"ip":"::1","userAgent":"axios/1.15.0"}
{"timestamp":"2026-05-03T07:57:12.039Z","method":"GET","endpoint":"/api/V1/auth/me","statusCode":200,"responseTimeMs":2455.18,"ip":"::1","userAgent":"node"}
{"timestamp":"2026-05-03T07:57:12.055Z","method":"GET","endpoint":"/api/V1/auth/me","statusCode":200,"responseTimeMs":837.11,"ip":"::1","userAgent":"node"}
{"timestamp":"2026-05-03T07:57:13.189Z","method":"GET","endpoint":"/api/V1/payments/my-payments","statusCode":200,"responseTimeMs":1114.48,"ip":"::1","userAgent":"axios/1.15.0"}
{"timestamp":"2026-05-03T07:57:16.592Z","method":"GET","endpoint":"/api/V1/auth/me","statusCode":200,"responseTimeMs":852.09,"ip":"::1","userAgent":"node"}
{"timestamp":"2026-05-03T07:57:31.814Z","method":"GET","endpoint":"/api/V1/media?limit=100","statusCode":200,"responseTimeMs":2170.87,"ip":"::1","userAgent":"axios/1.15.0"}
{"timestamp":"2026-05-03T07:57:32.073Z","method":"GET","endpoint":"/api/V1/auth/me","statusCode":200,"responseTimeMs":2431.12,"ip":"::1","userAgent":"node"}
{"timestamp":"2026-05-03T07:58:27.841Z","method":"GET","endpoint":"/api/V1/media?limit=100","statusCode":200,"responseTimeMs":2466.99,"ip":"::1","userAgent":"axios/1.15.0"}
{"timestamp":"2026-05-03T07:58:33.560Z","method":"GET","endpoint":"/api/V1/media?limit=100","statusCode":200,"responseTimeMs":811.41,"ip":"::1","userAgent":"axios/1.15.0"}
{"timestamp":"2026-05-03T07:58:35.573Z","method":"GET","endpoint":"/api/V1/media?limit=100","statusCode":200,"responseTimeMs":2424.37,"ip":"::1","userAgent":"axios/1.15.0"}
{"timestamp":"2026-05-03T07:58:38.894Z","method":"GET","endpoint":"/api/V1/media?limit=100","statusCode":200,"responseTimeMs":803.13,"ip":"::1","userAgent":"axios/1.15.0"}
{"timestamp":"2026-05-03T07:58:39.518Z","method":"GET","endpoint":"/api/V1/media?limit=100","statusCode":200,"responseTimeMs":822.23,"ip":"::1","userAgent":"axios/1.15.0"}
{"timestamp":"2026-05-03T07:58:59.306Z","method":"GET","endpoint":"/api/V1/auth/me","statusCode":200,"responseTimeMs":2470.29,"ip":"::1","userAgent":"node"}
{"timestamp":"2026-05-03T07:59:00.477Z","method":"GET","endpoint":"/api/V1/auth/me","statusCode":200,"responseTimeMs":822,"ip":"::1","userAgent":"node"}
{"timestamp":"2026-05-03T07:59:01.442Z","method":"GET","endpoint":"/api/V1/auth/me","statusCode":200,"responseTimeMs":839.83,"ip":"::1","userAgent":"node"}
{"timestamp":"2026-05-03T07:59:03.125Z","method":"GET","endpoint":"/api/V1/stats","statusCode":200,"responseTimeMs":1645.43,"ip":"::1","userAgent":"axios/1.15.0"}
{"timestamp":"2026-05-03T07:59:03.974Z","method":"GET","endpoint":"/api/V1/auth/me","statusCode":200,"responseTimeMs":819.96,"ip":"::1","userAgent":"node"}
{"timestamp":"2026-05-03T07:59:05.086Z","method":"GET","endpoint":"/api/V1/payments/my-payments","statusCode":200,"responseTimeMs":1091.59,"ip":"::1","userAgent":"axios/1.15.0"}
{"timestamp":"2026-05-03T07:59:05.941Z","method":"GET","endpoint":"/api/V1/auth/me","statusCode":200,"responseTimeMs":821.41,"ip":"::1","userAgent":"node"}
{"timestamp":"2026-05-03T07:59:07.614Z","method":"GET","endpoint":"/api/V1/stats","statusCode":200,"responseTimeMs":1645.73,"ip":"::1","userAgent":"axios/1.15.0"}
{"timestamp":"2026-05-03T07:59:08.515Z","method":"GET","endpoint":"/api/V1/auth/me","statusCode":200,"responseTimeMs":2422.94,"ip":"::1","userAgent":"node"}
{"timestamp":"2026-05-03T07:59:08.530Z","method":"GET","endpoint":"/api/V1/auth/me","statusCode":200,"responseTimeMs":2446.39,"ip":"::1","userAgent":"node"}
{"timestamp":"2026-05-03T07:59:09.768Z","method":"GET","endpoint":"/api/V1/auth/me","statusCode":200,"responseTimeMs":818.51,"ip":"::1","userAgent":"node"}
{"timestamp":"2026-05-03T07:59:09.769Z","method":"GET","endpoint":"/api/V1/auth/me","statusCode":200,"responseTimeMs":828.59,"ip":"::1","userAgent":"node"}
{"timestamp":"2026-05-03T07:59:10.904Z","method":"GET","endpoint":"/api/V1/payments/my-payments","statusCode":200,"responseTimeMs":1082.49,"ip":"::1","userAgent":"axios/1.15.0"}
{"timestamp":"2026-05-03T07:59:47.786Z","method":"GET","endpoint":"/api/V1/media?limit=100","statusCode":200,"responseTimeMs":2429.78,"ip":"::1","userAgent":"axios/1.15.0"}
{"timestamp":"2026-05-03T07:59:47.816Z","method":"GET","endpoint":"/api/V1/auth/me","statusCode":200,"responseTimeMs":2460.59,"ip":"::1","userAgent":"node"}
